<?xml version="1.0" encoding="UTF-8"?>
<testsuite xmlns:xsi="http://www.w3.org/2001/XMLSchema-instance" xsi:noNamespaceSchemaLocation="https://maven.apache.org/surefire/maven-surefire-plugin/xsd/surefire-test-report.xsd" version="3.0.2" name="com.example.Web01ApplicationTests" time="2.248" tests="1" errors="0" skipped="0" failures="0">
  <properties>
[...]
</properties>
  <testcase name="contextLoads" classname="com.example.Web01ApplicationTests" time="0.512">
    <system-out><![CDATA[20:39:11.942 [main] INFO org.springframework.test.context.support.AnnotationConfigContextLoaderUtils -- Could not detect default configuration classes for test class [com.example.Web01ApplicationTests]: Web01ApplicationTests does not declare any static, non-private, non-final, nested classes annotated with @Configuration.
20:39:12.015 [main] INFO org.springframework.boot.test.context.SpringBootTestContextBootstrapper -- Found @SpringBootConfiguration com.example.Web01Application for test class com.example.Web01ApplicationTests

  .   ____          _            __ _ _
 /\\ / ___'_ __ _ _(_)_ __  __ _ \ \ \ \
( ( )\___ | '_ | '_| | '_ \/ _` | \ \ \ \
 \\/  ___)| |_)| | | | | || (_| |  ) ) ) )
  '  |____| .__|_| |_|_| |_\__, | / / / /
 =========|_|==============|___/=/_/_/_/

 :: Spring Boot ::                (v4.0.3)

2026-03-17T20:39:12.354+08:00  INFO 4044 --- [web01] [           main] com.example.Web01ApplicationTests        : Starting Web01ApplicationTests using Java 17.0.18 with PID 4044 (started by 34701 in E:\idea_demo\learn\webexample\web01)
2026-03-17T20:39:12.355+08:00  INFO 4044 --- [web01] [           main] com.example.Web01ApplicationTests        : No active profile set, falling back to 1 default profile: "default"
2026-03-17T20:39:13.521+08:00  INFO 4044 --- [web01] [           main] com.example.Web01ApplicationTests        : Started Web01ApplicationTests in 1.396 seconds (process running for 2.224)
]]></system-out>
  </testcase>
</testsuite>